<?xml version="1.0" encoding="utf-8"?><testsuites name="pytest tests"><testsuite name="pytest" errors="0" failures="0" skipped="0" tests="5" time="1.401" timestamp="2026-07-09T19:59:16.505284+00:00" hostname="agent-env-80715aa1-5b97-4857-b148-1ebcab2ea40f"><testcase classname="backend.tests.test_appointments.TestRoot" name="test_root" time="0.502" /><testcase classname="backend.tests.test_appointments.TestAppointmentsCreate" name="test_create_appointment_valid" time="0.111" /><testcase classname="backend.tests.test_appointments.TestAppointmentsCreate" name="test_get_appointments_contains_created" time="0.525" /><testcase classname="backend.tests.test_appointments.TestAppointmentsCreate" name="test_create_invalid_email_rejected" time="0.063" /><testcase classname="backend.tests.test_appointments.TestAppointmentsCreate" name="test_create_missing_fields_rejected" time="0.067" /></testsuite></testsuites>